<?xml version="1.0" encoding="UTF-8"?>
<!-- Generated by org.testng.reporters.JUnitReportReporter -->
<testsuite hostname="Spraynt-AG" failures="0" tests="2" name="BatchTesting.LoginInfo" time="0.010" errors="0" timestamp="2020-04-24T13:05:24 IST" skipped="0">
  <testcase classname="BatchTesting.LoginInfo" name="LoginMethod2" time="0.002"/>
  <system-out/>
  <testcase classname="BatchTesting.LoginInfo" name="LoginMethod1" time="0.008"/>
  <system-out/>
</testsuite> <!-- BatchTesting.LoginInfo -->
