<?xml version="1.0" encoding="UTF-8"?>
<!-- Generated by org.testng.reporters.JUnitReportReporter -->
<testsuite hostname="Spraynt-AG" failures="0" tests="2" name="BatchTesting.SignupInfo" time="0.004" errors="0" timestamp="2020-04-24T13:05:24 IST" skipped="0">
  <testcase classname="BatchTesting.SignupInfo" name="SignUpMethod1" time="0.002"/>
  <system-out/>
  <testcase classname="BatchTesting.SignupInfo" name="SignUpMethod2" time="0.002"/>
  <system-out/>
</testsuite> <!-- BatchTesting.SignupInfo -->
