<?xml version="1.0" encoding="UTF-8"?>
<!-- Generated by org.testng.reporters.JUnitReportReporter -->
<testsuite hostname="Spraynt-AG" failures="0" tests="1" name="BatchTesting.PaymentInfo" time="0.001" errors="0" timestamp="2020-04-24T13:05:24 IST" skipped="0">
  <testcase classname="BatchTesting.PaymentInfo" name="PaymentMethod" time="0.001"/>
  <system-out/>
</testsuite> <!-- BatchTesting.PaymentInfo -->
