<?xml version="1.0" encoding="UTF-8"?>
<!-- Generated by org.testng.reporters.JUnitReportReporter -->
<testsuite hostname="Spraynt-AG" failures="0" tests="2" name="SeleniumGrid.LoginWindowToWindowOnLocalMachine" time="19.047" errors="0" timestamp="2020-04-28T23:15:59 IST" skipped="0">
  <testcase classname="SeleniumGrid.LoginWindowToWindowOnLocalMachine" name="setUp" time="4.693"/>
  <system-out/>
  <testcase classname="SeleniumGrid.LoginWindowToWindowOnLocalMachine" name="LoginFunct" time="14.354"/>
  <system-out/>
</testsuite> <!-- SeleniumGrid.LoginWindowToWindowOnLocalMachine -->
